<?xml version="1.0" encoding="UTF-8"?>
<!-- Generated by org.testng.reporters.JUnitReportReporter -->
<testsuite hostname="Shahnawaz-PC" name="com.ubique.lms.LMS" tests="1" failures="0" timestamp="28 Aug 2015 11:24:29 GMT" time="38.184" errors="0">
  <testcase name="PortalLMS" time="38.184" classname="com.ubique.lms.LMS"/>
</testsuite> <!-- com.ubique.lms.LMS -->
