<?xml version="1.0" encoding="UTF-8"?>
<!-- Generated by org.testng.reporters.JUnitReportReporter -->
<testsuite hostname="Shahnawaz-PC" name="com.ubique.lms.LMS" tests="1" failures="0" timestamp="15 Sep 2015 13:13:57 GMT" time="34.829" errors="0">
  <testcase name="PortalLMS" time="34.829" classname="com.ubique.lms.LMS"/>
</testsuite> <!-- com.ubique.lms.LMS -->
